


ARM Macro Assembler    Page 1 


    1 00000000                 AREA             RESET , DATA , READONLY
    2 00000000                 EXPORT           __Vectors
    3 00000000         __Vectors
    4 00000000 10001000        DCD              0x10001000
    5 00000004 00000000        DCD              Reset_Handler
    6 00000008                 ALIGN
    7 00000008                 AREA             mycode, CODE, READONLY
    8 00000000                 EXPORT           Reset_Handler
    9 00000000                 ENTRY
   10 00000000         Reset_Handler
   11 00000000 F04F 000A       MOV              R0, #10
   12 00000004 F04F 0105       MOV              R1, #5
   13 00000008 F04F 0205       MOV              R2, #5
   14 0000000C F04F 0355       MOV              R3, #2_1010101
   15 00000010 F07F 0404       MOVS             R4, # -5
   16 00000014 E7FE    Here    B                Here
   17 00000016         
   18 00000016         
                       
Command Line: --debug --xref --cpu=Cortex-M3 --apcs=interwork --depend=q.d -oq.
o -IC:\Keil\ARM\RV31\INC -IC:\Keil\ARM\CMSIS\Include -IC:\Keil\ARM\Inc\NXP\LPC1
7xx --predefine="__EVAL SETA 1" --list=q.lst q.s



ARM Macro Assembler    Page 1 Alphabetic symbol ordering
Relocatable symbols

RESET 00000000

Symbol: RESET
   Definitions
      At line 1 in file q.s
   Uses
      None
Comment: RESET unused
__Vectors 00000000

Symbol: __Vectors
   Definitions
      At line 3 in file q.s
   Uses
      At line 2 in file q.s
Comment: __Vectors used once
2 symbols



ARM Macro Assembler    Page 1 Alphabetic symbol ordering
Relocatable symbols

Here 00000014

Symbol: Here
   Definitions
      At line 16 in file q.s
   Uses
      At line 16 in file q.s
Comment: Here used once
Reset_Handler 00000000

Symbol: Reset_Handler
   Definitions
      At line 10 in file q.s
   Uses
      At line 5 in file q.s
      At line 8 in file q.s

mycode 00000000

Symbol: mycode
   Definitions
      At line 7 in file q.s
   Uses
      None
Comment: mycode unused
3 symbols
336 symbols in table
